This file contains any messages produced by compilers while
running configure, to aid debugging if configure makes a mistake.

It was created by arm-sim configure 0.1, which was
generated by GNU Autoconf 2.69.  Invocation command line was

  $ ../configure CXXFLAGS=-I /home/specg12-1/mc404/simulador/deps/stage_deps/archC/include/archc -I /home/specg12-1/mc404/simulador/deps/stage_deps/systemC/include  LDFLAGS=-L /home/specg12-1/mc404/simulador/deps/stage_deps/archC/lib -L /home/specg12-1/mc404/simulador/deps/stage_deps/systemC/lib-linux64 -ldl  

## --------- ##
## Platform. ##
## --------- ##

hostname = sepultura.lab.ic.unicamp.br
uname -m = x86_64
uname -r = 3.15.6-200.fc20.x86_64
uname -s = Linux
uname -v = #1 SMP Fri Jul 18 02:36:27 UTC 2014

/usr/bin/uname -p = x86_64
/bin/uname -X     = unknown

/bin/arch              = x86_64
/usr/bin/arch -k       = unknown
/usr/convex/getsysinfo = unknown
/usr/bin/hostinfo      = unknown
/bin/machine           = unknown
/usr/bin/oslevel       = unknown
/bin/universe          = unknown

PATH: /usr/lib64/qt-3.3/bin
PATH: /usr/lib64/ccache
PATH: /usr/local/bin
PATH: /usr/bin
PATH: /bin
PATH: /usr/games
PATH: /usr/local/sbin
PATH: /usr/sbin
PATH: /usr/lib64/alliance/bin
PATH: /usr/libexec/sdcc
PATH: /usr/local/ns-allinone-2.35/bin
PATH: /usr/local/ns-allinone-2.35/tcl8.5.10/unix
PATH: /usr/local/ns-allinone-2.35/tk8.5.10/unix
PATH: /usr/local/ns-allinone
PATH: /opt/real/RealPlayer
PATH: /opt/intel/vtune_amplifier_xe/
PATH: /opt/intel/bin/
PATH: /usr/lib64/qt-3.3/bin
PATH: /usr/lib64/ccache
PATH: /usr/lib64/alliance/bin
PATH: /usr/libexec/sdcc
PATH: /usr/lib64/alliance/bin
PATH: /usr/libexec/sdcc
PATH: /usr/local/ns-allinone-2.35/bin
PATH: /usr/local/ns-allinone-2.35/tcl8.5.10/unix
PATH: /usr/local/ns-allinone-2.35/tk8.5.10/unix
PATH: /usr/local/ns-allinone
PATH: /opt/real/RealPlayer
PATH: /opt/intel/vtune_amplifier_xe/
PATH: /opt/intel/bin/
PATH: /usr/lib64/qt-3.3/bin
PATH: /usr/lib64/ccache
PATH: /usr/lib64/alliance/bin
PATH: /usr/libexec/sdcc
PATH: /home/specg12-1/mc404/simulador/deps/stage_deps/archC/bin
PATH: /home/specg12-1/mc404/simulador/arm-eabi-4.4.3/bin


## ----------- ##
## Core tests. ##
## ----------- ##

configure:1885: checking for a BSD-compatible install
configure:1953: result: /usr/bin/install -c
configure:1964: checking whether build environment is sane
configure:2019: result: yes
configure:2170: checking for a thread-safe mkdir -p
configure:2209: result: /usr/bin/mkdir -p
configure:2216: checking for gawk
configure:2232: found /usr/bin/gawk
configure:2243: result: gawk
configure:2254: checking whether make sets $(MAKE)
configure:2276: result: yes
configure:2305: checking whether make supports nested variables
configure:2322: result: yes
configure:2455: checking for gcc
configure:2471: found /usr/lib64/ccache/gcc
configure:2482: result: gcc
configure:2711: checking for C compiler version
configure:2720: gcc --version >&5
gcc (GCC) 4.8.3 20140624 (Red Hat 4.8.3-1)
Copyright (C) 2013 Free Software Foundation, Inc.
This is free software; see the source for copying conditions.  There is NO
warranty; not even for MERCHANTABILITY or FITNESS FOR A PARTICULAR PURPOSE.

configure:2731: $? = 0
configure:2720: gcc -v >&5
Using built-in specs.
COLLECT_GCC=/usr/bin/gcc
COLLECT_LTO_WRAPPER=/usr/libexec/gcc/x86_64-redhat-linux/4.8.3/lto-wrapper
Target: x86_64-redhat-linux
Configured with: ../configure --prefix=/usr --mandir=/usr/share/man --infodir=/usr/share/info --with-bugurl=http://bugzilla.redhat.com/bugzilla --enable-bootstrap --enable-shared --enable-threads=posix --enable-checking=release --with-system-zlib --enable-__cxa_atexit --disable-libunwind-exceptions --enable-gnu-unique-object --enable-linker-build-id --with-linker-hash-style=gnu --enable-languages=c,c++,objc,obj-c++,java,fortran,ada,go,lto --enable-plugin --enable-initfini-array --enable-java-awt=gtk --disable-dssi --with-java-home=/usr/lib/jvm/java-1.5.0-gcj-1.5.0.0/jre --enable-libgcj-multifile --enable-java-maintainer-mode --with-ecj-jar=/usr/share/java/eclipse-ecj.jar --disable-libjava-multilib --with-isl=/builddir/build/BUILD/gcc-4.8.3-20140624/obj-x86_64-redhat-linux/isl-install --with-cloog=/builddir/build/BUILD/gcc-4.8.3-20140624/obj-x86_64-redhat-linux/cloog-install --with-tune=generic --with-arch_32=i686 --build=x86_64-redhat-linux
Thread model: posix
gcc version 4.8.3 20140624 (Red Hat 4.8.3-1) (GCC) 
configure:2731: $? = 0
configure:2720: gcc -V >&5
gcc: error: unrecognized command line option '-V'
gcc: fatal error: no input files
compilation terminated.
configure:2731: $? = 4
configure:2720: gcc -qversion >&5
gcc: error: unrecognized command line option '-qversion'
gcc: fatal error: no input files
compilation terminated.
configure:2731: $? = 4
configure:2751: checking whether the C compiler works
configure:2773: gcc   -L /home/specg12-1/mc404/simulador/deps/stage_deps/archC/lib -L /home/specg12-1/mc404/simulador/deps/stage_deps/systemC/lib-linux64 -ldl   conftest.c  >&5
configure:2777: $? = 0
configure:2825: result: yes
configure:2828: checking for C compiler default output file name
configure:2830: result: a.out
configure:2836: checking for suffix of executables
configure:2843: gcc -o conftest   -L /home/specg12-1/mc404/simulador/deps/stage_deps/archC/lib -L /home/specg12-1/mc404/simulador/deps/stage_deps/systemC/lib-linux64 -ldl   conftest.c  >&5
configure:2847: $? = 0
configure:2869: result: 
configure:2891: checking whether we are cross compiling
configure:2899: gcc -o conftest   -L /home/specg12-1/mc404/simulador/deps/stage_deps/archC/lib -L /home/specg12-1/mc404/simulador/deps/stage_deps/systemC/lib-linux64 -ldl   conftest.c  >&5
configure:2903: $? = 0
configure:2910: ./conftest
configure:2914: $? = 0
configure:2929: result: no
configure:2934: checking for suffix of object files
configure:2956: gcc -c   conftest.c >&5
configure:2960: $? = 0
configure:2981: result: o
configure:2985: checking whether we are using the GNU C compiler
configure:3004: gcc -c   conftest.c >&5
configure:3004: $? = 0
configure:3013: result: yes
configure:3022: checking whether gcc accepts -g
configure:3042: gcc -c -g  conftest.c >&5
configure:3042: $? = 0
configure:3083: result: yes
configure:3100: checking for gcc option to accept ISO C89
configure:3163: gcc  -c -g -O2  conftest.c >&5
configure:3163: $? = 0
configure:3176: result: none needed
configure:3207: checking for style of include used by make
configure:3235: result: GNU
configure:3261: checking dependency style of gcc
configure:3372: result: gcc3
configure:3445: checking for g++
configure:3461: found /usr/lib64/ccache/g++
configure:3472: result: g++
configure:3499: checking for C++ compiler version
configure:3508: g++ --version >&5
g++ (GCC) 4.8.3 20140624 (Red Hat 4.8.3-1)
Copyright (C) 2013 Free Software Foundation, Inc.
This is free software; see the source for copying conditions.  There is NO
warranty; not even for MERCHANTABILITY or FITNESS FOR A PARTICULAR PURPOSE.

configure:3519: $? = 0
configure:3508: g++ -v >&5
Using built-in specs.
COLLECT_GCC=/usr/bin/g++
COLLECT_LTO_WRAPPER=/usr/libexec/gcc/x86_64-redhat-linux/4.8.3/lto-wrapper
Target: x86_64-redhat-linux
Configured with: ../configure --prefix=/usr --mandir=/usr/share/man --infodir=/usr/share/info --with-bugurl=http://bugzilla.redhat.com/bugzilla --enable-bootstrap --enable-shared --enable-threads=posix --enable-checking=release --with-system-zlib --enable-__cxa_atexit --disable-libunwind-exceptions --enable-gnu-unique-object --enable-linker-build-id --with-linker-hash-style=gnu --enable-languages=c,c++,objc,obj-c++,java,fortran,ada,go,lto --enable-plugin --enable-initfini-array --enable-java-awt=gtk --disable-dssi --with-java-home=/usr/lib/jvm/java-1.5.0-gcj-1.5.0.0/jre --enable-libgcj-multifile --enable-java-maintainer-mode --with-ecj-jar=/usr/share/java/eclipse-ecj.jar --disable-libjava-multilib --with-isl=/builddir/build/BUILD/gcc-4.8.3-20140624/obj-x86_64-redhat-linux/isl-install --with-cloog=/builddir/build/BUILD/gcc-4.8.3-20140624/obj-x86_64-redhat-linux/cloog-install --with-tune=generic --with-arch_32=i686 --build=x86_64-redhat-linux
Thread model: posix
gcc version 4.8.3 20140624 (Red Hat 4.8.3-1) (GCC) 
configure:3519: $? = 0
configure:3508: g++ -V >&5
g++: error: unrecognized command line option '-V'
g++: fatal error: no input files
compilation terminated.
configure:3519: $? = 4
configure:3508: g++ -qversion >&5
g++: error: unrecognized command line option '-qversion'
g++: fatal error: no input files
compilation terminated.
configure:3519: $? = 4
configure:3523: checking whether we are using the GNU C++ compiler
configure:3542: g++ -c -I /home/specg12-1/mc404/simulador/deps/stage_deps/archC/include/archc -I /home/specg12-1/mc404/simulador/deps/stage_deps/systemC/include   conftest.cpp >&5
configure:3542: $? = 0
configure:3551: result: yes
configure:3560: checking whether g++ accepts -g
configure:3580: g++ -c -g  conftest.cpp >&5
configure:3580: $? = 0
configure:3621: result: yes
configure:3646: checking dependency style of g++
configure:3757: result: gcc3
configure:3775: checking for acsim
configure:3791: found /home/specg12-1/mc404/simulador/deps/stage_deps/archC/bin/acsim
configure:3803: result: yes
configure:3971: checking that generated files are newer than configure
configure:3977: result: done
configure:4008: creating ./config.status

## ---------------------- ##
## Running config.status. ##
## ---------------------- ##

This file was extended by arm-sim config.status 0.1, which was
generated by GNU Autoconf 2.69.  Invocation command line was

  CONFIG_FILES    = 
  CONFIG_HEADERS  = 
  CONFIG_LINKS    = 
  CONFIG_COMMANDS = 
  $ ./config.status 

on sepultura.lab.ic.unicamp.br

config.status:783: creating Makefile
config.status:783: creating src/Makefile
config.status:783: creating tools/Makefile
config.status:940: executing depfiles commands

## ---------------- ##
## Cache variables. ##
## ---------------- ##

ac_cv_c_compiler_gnu=yes
ac_cv_cxx_compiler_gnu=yes
ac_cv_env_CCC_set=
ac_cv_env_CCC_value=
ac_cv_env_CC_set=
ac_cv_env_CC_value=
ac_cv_env_CFLAGS_set=
ac_cv_env_CFLAGS_value=
ac_cv_env_CPPFLAGS_set=
ac_cv_env_CPPFLAGS_value=
ac_cv_env_CXXFLAGS_set=set
ac_cv_env_CXXFLAGS_value='-I /home/specg12-1/mc404/simulador/deps/stage_deps/archC/include/archc -I /home/specg12-1/mc404/simulador/deps/stage_deps/systemC/include '
ac_cv_env_CXX_set=
ac_cv_env_CXX_value=
ac_cv_env_LDFLAGS_set=set
ac_cv_env_LDFLAGS_value='-L /home/specg12-1/mc404/simulador/deps/stage_deps/archC/lib -L /home/specg12-1/mc404/simulador/deps/stage_deps/systemC/lib-linux64 -ldl  '
ac_cv_env_LIBS_set=
ac_cv_env_LIBS_value=
ac_cv_env_build_alias_set=
ac_cv_env_build_alias_value=
ac_cv_env_host_alias_set=
ac_cv_env_host_alias_value=
ac_cv_env_target_alias_set=
ac_cv_env_target_alias_value=
ac_cv_objext=o
ac_cv_path_install='/usr/bin/install -c'
ac_cv_path_mkdir=/usr/bin/mkdir
ac_cv_prog_AWK=gawk
ac_cv_prog_ac_ct_CC=gcc
ac_cv_prog_ac_ct_CXX=g++
ac_cv_prog_acsim=yes
ac_cv_prog_cc_c89=
ac_cv_prog_cc_g=yes
ac_cv_prog_cxx_g=yes
ac_cv_prog_make_make_set=yes
am_cv_CC_dependencies_compiler_type=gcc3
am_cv_CXX_dependencies_compiler_type=gcc3
am_cv_make_support_nested_variables=yes

## ----------------- ##
## Output variables. ##
## ----------------- ##

ACLOCAL='${SHELL} /home/specg12-1/mc404/simulador/simulador_player/tmp/simulador_player/armv7/build-aux/missing aclocal-1.13'
AMDEPBACKSLASH='\'
AMDEP_FALSE='#'
AMDEP_TRUE=''
AMTAR='$${TAR-tar}'
AM_BACKSLASH='\'
AM_DEFAULT_V='$(AM_DEFAULT_VERBOSITY)'
AM_DEFAULT_VERBOSITY='1'
AM_V='$(V)'
AUTOCONF='${SHELL} /home/specg12-1/mc404/simulador/simulador_player/tmp/simulador_player/armv7/build-aux/missing autoconf'
AUTOHEADER='${SHELL} /home/specg12-1/mc404/simulador/simulador_player/tmp/simulador_player/armv7/build-aux/missing autoheader'
AUTOMAKE='${SHELL} /home/specg12-1/mc404/simulador/simulador_player/tmp/simulador_player/armv7/build-aux/missing automake-1.13'
AWK='gawk'
CC='gcc'
CCDEPMODE='depmode=gcc3'
CFLAGS='-g -O2'
CPPFLAGS=''
CXX='g++'
CXXDEPMODE='depmode=gcc3'
CXXFLAGS='-I /home/specg12-1/mc404/simulador/deps/stage_deps/archC/include/archc -I /home/specg12-1/mc404/simulador/deps/stage_deps/systemC/include '
CYGPATH_W='echo'
DEFS='-DPACKAGE_NAME=\"arm-sim\" -DPACKAGE_TARNAME=\"arm-sim\" -DPACKAGE_VERSION=\"0.1\" -DPACKAGE_STRING=\"arm-sim\ 0.1\" -DPACKAGE_BUGREPORT=\"gabriel@krisman.be\" -DPACKAGE_URL=\"\" -DPACKAGE=\"arm-sim\" -DVERSION=\"0.1\"'
DEPDIR='.deps'
ECHO_C=''
ECHO_N='-n'
ECHO_T=''
EXEEXT=''
FOUND_ACSIM_FALSE='#'
FOUND_ACSIM_TRUE=''
INSTALL_DATA='${INSTALL} -m 644'
INSTALL_PROGRAM='${INSTALL}'
INSTALL_SCRIPT='${INSTALL}'
INSTALL_STRIP_PROGRAM='$(install_sh) -c -s'
LDFLAGS='-L /home/specg12-1/mc404/simulador/deps/stage_deps/archC/lib -L /home/specg12-1/mc404/simulador/deps/stage_deps/systemC/lib-linux64 -ldl  '
LIBOBJS=''
LIBS=''
LTLIBOBJS=''
MAKEINFO='${SHELL} /home/specg12-1/mc404/simulador/simulador_player/tmp/simulador_player/armv7/build-aux/missing makeinfo'
MKDIR_P='/usr/bin/mkdir -p'
OBJEXT='o'
PACKAGE='arm-sim'
PACKAGE_BUGREPORT='gabriel@krisman.be'
PACKAGE_NAME='arm-sim'
PACKAGE_STRING='arm-sim 0.1'
PACKAGE_TARNAME='arm-sim'
PACKAGE_URL=''
PACKAGE_VERSION='0.1'
PATH_SEPARATOR=':'
SET_MAKE=''
SHELL='/bin/sh'
STRIP=''
VERSION='0.1'
ac_ct_CC='gcc'
ac_ct_CXX='g++'
acsim='yes'
am__EXEEXT_FALSE=''
am__EXEEXT_TRUE='#'
am__fastdepCC_FALSE='#'
am__fastdepCC_TRUE=''
am__fastdepCXX_FALSE='#'
am__fastdepCXX_TRUE=''
am__include='include'
am__isrc=' -I$(srcdir)'
am__leading_dot='.'
am__nodep='_no'
am__quote=''
am__tar='$${TAR-tar} chof - "$$tardir"'
am__untar='$${TAR-tar} xf -'
bindir='${exec_prefix}/bin'
build_alias=''
datadir='${datarootdir}'
datarootdir='${prefix}/share'
docdir='${datarootdir}/doc/${PACKAGE_TARNAME}'
dvidir='${docdir}'
exec_prefix='${prefix}'
host_alias=''
htmldir='${docdir}'
includedir='${prefix}/include'
infodir='${datarootdir}/info'
install_sh='${SHELL} /home/specg12-1/mc404/simulador/simulador_player/tmp/simulador_player/armv7/build-aux/install-sh'
libdir='${exec_prefix}/lib'
libexecdir='${exec_prefix}/libexec'
localedir='${datarootdir}/locale'
localstatedir='${prefix}/var'
mandir='${datarootdir}/man'
mkdir_p='$(MKDIR_P)'
oldincludedir='/usr/include'
pdfdir='${docdir}'
prefix='/usr/local'
program_transform_name='s,x,x,'
psdir='${docdir}'
sbindir='${exec_prefix}/sbin'
sharedstatedir='${prefix}/com'
sysconfdir='${prefix}/etc'
target_alias=''

## ----------- ##
## confdefs.h. ##
## ----------- ##

/* confdefs.h */
#define PACKAGE_NAME "arm-sim"
#define PACKAGE_TARNAME "arm-sim"
#define PACKAGE_VERSION "0.1"
#define PACKAGE_STRING "arm-sim 0.1"
#define PACKAGE_BUGREPORT "gabriel@krisman.be"
#define PACKAGE_URL ""
#define PACKAGE "arm-sim"
#define VERSION "0.1"

configure: exit 0
